[ 2019-02-28T10:41:00+08:00 ] 127.0.0.1 /index.php/Admin/Test/test
INFO: [ app_init ] --START--
INFO: Run Behavior\BuildLiteBehavior [ RunTime:0.000016s ]
INFO: [ app_init ] --END-- [ RunTime:0.000594s ]
INFO: [ app_begin ] --START--
INFO: Run Behavior\ReadHtmlCacheBehavior [ RunTime:0.000696s ]
INFO: [ app_begin ] --END-- [ RunTime:0.000737s ]
INFO: [ app_end ] --START--
INFO: Run Behavior\ShowPageTraceBehavior [ RunTime:0.000754s ]
INFO: [ app_end ] --END-- [ RunTime:0.000799s ]

[ 2019-02-28T10:43:16+08:00 ] 127.0.0.1 /index.php/Admin/Test/test1
INFO: [ app_init ] --START--
INFO: Run Behavior\BuildLiteBehavior [ RunTime:0.000009s ]
INFO: [ app_init ] --END-- [ RunTime:0.000566s ]
INFO: [ app_begin ] --START--
INFO: Run Behavior\ReadHtmlCacheBehavior [ RunTime:0.000670s ]
INFO: [ app_begin ] --END-- [ RunTime:0.000709s ]
INFO: [ app_end ] --START--
INFO: Run Behavior\ShowPageTraceBehavior [ RunTime:0.000713s ]
INFO: [ app_end ] --END-- [ RunTime:0.000756s ]

[ 2019-02-28T10:43:38+08:00 ] 127.0.0.1 /index.php/Admin/Test/test1
INFO: [ app_init ] --START--
INFO: Run Behavior\BuildLiteBehavior [ RunTime:0.000009s ]
INFO: [ app_init ] --END-- [ RunTime:0.000478s ]
INFO: [ app_begin ] --START--
INFO: Run Behavior\ReadHtmlCacheBehavior [ RunTime:0.000646s ]
INFO: [ app_begin ] --END-- [ RunTime:0.000697s ]
INFO: [ app_end ] --START--
INFO: Run Behavior\ShowPageTraceBehavior [ RunTime:0.000613s ]
INFO: [ app_end ] --END-- [ RunTime:0.000652s ]

[ 2019-02-28T10:48:22+08:00 ] 127.0.0.1 /index.php/Admin/Test/test2
INFO: [ app_init ] --START--
INFO: Run Behavior\BuildLiteBehavior [ RunTime:0.000015s ]
INFO: [ app_init ] --END-- [ RunTime:0.000766s ]
INFO: [ app_begin ] --START--
INFO: Run Behavior\ReadHtmlCacheBehavior [ RunTime:0.000823s ]
INFO: [ app_begin ] --END-- [ RunTime:0.000875s ]
INFO: [ view_parse ] --START--
INFO: [ template_filter ] --START--
INFO: Run Behavior\ContentReplaceBehavior [ RunTime:0.000046s ]
INFO: [ template_filter ] --END-- [ RunTime:0.000082s ]
INFO: Run Behavior\ParseTemplateBehavior [ RunTime:0.130398s ]
INFO: [ view_parse ] --END-- [ RunTime:0.130472s ]
INFO: [ view_filter ] --START--
INFO: Run Behavior\WriteHtmlCacheBehavior [ RunTime:0.000833s ]
INFO: [ view_filter ] --END-- [ RunTime:0.000893s ]
INFO: [ app_end ] --START--
INFO: Run Behavior\ShowPageTraceBehavior [ RunTime:0.001028s ]
INFO: [ app_end ] --END-- [ RunTime:0.001072s ]

[ 2019-02-28T10:48:27+08:00 ] 127.0.0.1 /index.php/Admin/Test/test.html
INFO: [ app_init ] --START--
INFO: Run Behavior\BuildLiteBehavior [ RunTime:0.000018s ]
INFO: [ app_init ] --END-- [ RunTime:0.000472s ]
INFO: [ app_begin ] --START--
INFO: Run Behavior\ReadHtmlCacheBehavior [ RunTime:0.000592s ]
INFO: [ app_begin ] --END-- [ RunTime:0.000628s ]
INFO: [ app_end ] --START--
INFO: Run Behavior\ShowPageTraceBehavior [ RunTime:0.000686s ]
INFO: [ app_end ] --END-- [ RunTime:0.000730s ]

[ 2019-02-28T11:06:34+08:00 ] 127.0.0.1 /index.php/Admin/Test/test
INFO: [ app_init ] --START--
INFO: Run Behavior\BuildLiteBehavior [ RunTime:0.000024s ]
INFO: [ app_init ] --END-- [ RunTime:0.001020s ]
INFO: [ app_begin ] --START--
INFO: Run Behavior\ReadHtmlCacheBehavior [ RunTime:0.000888s ]
INFO: [ app_begin ] --END-- [ RunTime:0.000936s ]
NOTIC: [8] Use of undefined constant __Admin__ - assumed '__Admin__' D:\webdocs\thinkphp\Application\Admin\Controller\TestController.class.php 第 11 行.
INFO: [ app_end ] --START--
INFO: Run Behavior\ShowPageTraceBehavior [ RunTime:0.000887s ]
INFO: [ app_end ] --END-- [ RunTime:0.000939s ]

[ 2019-02-28T11:07:01+08:00 ] 127.0.0.1 /index.php/Admin/Test/test
INFO: [ app_init ] --START--
INFO: Run Behavior\BuildLiteBehavior [ RunTime:0.000018s ]
INFO: [ app_init ] --END-- [ RunTime:0.000818s ]
INFO: [ app_begin ] --START--
INFO: Run Behavior\ReadHtmlCacheBehavior [ RunTime:0.001228s ]
INFO: [ app_begin ] --END-- [ RunTime:0.001296s ]
INFO: [ app_end ] --START--
INFO: Run Behavior\ShowPageTraceBehavior [ RunTime:0.001786s ]
INFO: [ app_end ] --END-- [ RunTime:0.001876s ]

[ 2019-02-28T11:07:10+08:00 ] 127.0.0.1 /index.php/Admin/Test/test
INFO: [ app_init ] --START--
INFO: Run Behavior\BuildLiteBehavior [ RunTime:0.000010s ]
INFO: [ app_init ] --END-- [ RunTime:0.000646s ]
INFO: [ app_begin ] --START--
INFO: Run Behavior\ReadHtmlCacheBehavior [ RunTime:0.000605s ]
INFO: [ app_begin ] --END-- [ RunTime:0.000645s ]
NOTIC: [8] Use of undefined constant __ADMIN__ - assumed '__ADMIN__' D:\webdocs\thinkphp\Application\Admin\Controller\TestController.class.php 第 11 行.
INFO: [ app_end ] --START--
INFO: Run Behavior\ShowPageTraceBehavior [ RunTime:0.000635s ]
INFO: [ app_end ] --END-- [ RunTime:0.000670s ]

[ 2019-02-28T11:07:12+08:00 ] 127.0.0.1 /index.php/Admin/Test/test
INFO: [ app_init ] --START--
INFO: Run Behavior\BuildLiteBehavior [ RunTime:0.000010s ]
INFO: [ app_init ] --END-- [ RunTime:0.000464s ]
INFO: [ app_begin ] --START--
INFO: Run Behavior\ReadHtmlCacheBehavior [ RunTime:0.001040s ]
INFO: [ app_begin ] --END-- [ RunTime:0.001207s ]
NOTIC: [8] Use of undefined constant __ADMIN__ - assumed '__ADMIN__' D:\webdocs\thinkphp\Application\Admin\Controller\TestController.class.php 第 11 行.
INFO: [ app_end ] --START--
INFO: Run Behavior\ShowPageTraceBehavior [ RunTime:0.001229s ]
INFO: [ app_end ] --END-- [ RunTime:0.001301s ]

[ 2019-02-28T11:07:44+08:00 ] 127.0.0.1 /index.php/Admin/Test/test
INFO: [ app_init ] --START--
INFO: Run Behavior\BuildLiteBehavior [ RunTime:0.000009s ]
INFO: [ app_init ] --END-- [ RunTime:0.000483s ]
INFO: [ app_begin ] --START--
INFO: Run Behavior\ReadHtmlCacheBehavior [ RunTime:0.000581s ]
INFO: [ app_begin ] --END-- [ RunTime:0.000617s ]
INFO: [ view_parse ] --START--
INFO: [ template_filter ] --START--
INFO: Run Behavior\ContentReplaceBehavior [ RunTime:0.000050s ]
INFO: [ template_filter ] --END-- [ RunTime:0.000093s ]
INFO: Run Behavior\ParseTemplateBehavior [ RunTime:0.008893s ]
INFO: [ view_parse ] --END-- [ RunTime:0.008942s ]
INFO: [ view_filter ] --START--
INFO: Run Behavior\WriteHtmlCacheBehavior [ RunTime:0.000502s ]
INFO: [ view_filter ] --END-- [ RunTime:0.000534s ]
INFO: [ app_end ] --START--
INFO: Run Behavior\ShowPageTraceBehavior [ RunTime:0.000656s ]
INFO: [ app_end ] --END-- [ RunTime:0.000692s ]

[ 2019-02-28T11:11:43+08:00 ] 127.0.0.1 /index.php/Admin/Public/login
INFO: [ app_init ] --START--
INFO: Run Behavior\BuildLiteBehavior [ RunTime:0.000010s ]
INFO: [ app_init ] --END-- [ RunTime:0.000612s ]
INFO: [ app_begin ] --START--
INFO: Run Behavior\ReadHtmlCacheBehavior [ RunTime:0.000676s ]
INFO: [ app_begin ] --END-- [ RunTime:0.000711s ]
INFO: [ view_parse ] --START--
INFO: [ template_filter ] --START--
INFO: Run Behavior\ContentReplaceBehavior [ RunTime:0.000055s ]
INFO: [ template_filter ] --END-- [ RunTime:0.000102s ]
INFO: Run Behavior\ParseTemplateBehavior [ RunTime:0.044368s ]
INFO: [ view_parse ] --END-- [ RunTime:0.044434s ]
INFO: [ view_filter ] --START--
INFO: Run Behavior\WriteHtmlCacheBehavior [ RunTime:0.000706s ]
INFO: [ view_filter ] --END-- [ RunTime:0.000739s ]
INFO: [ app_end ] --START--
INFO: Run Behavior\ShowPageTraceBehavior [ RunTime:0.000881s ]
INFO: [ app_end ] --END-- [ RunTime:0.000924s ]

[ 2019-02-28T11:11:43+08:00 ] 127.0.0.1 /index.php/Admin/Public/css/base.css
INFO: [ app_init ] --START--
INFO: Run Behavior\BuildLiteBehavior [ RunTime:0.000017s ]
INFO: [ app_init ] --END-- [ RunTime:0.000987s ]
INFO: [ app_begin ] --START--
INFO: Run Behavior\ReadHtmlCacheBehavior [ RunTime:0.001085s ]
INFO: [ app_begin ] --END-- [ RunTime:0.001167s ]
ERR: 非法操作:css

[ 2019-02-28T11:11:43+08:00 ] 127.0.0.1 /index.php/Admin/Public/js/common.js
INFO: [ app_init ] --START--
INFO: Run Behavior\BuildLiteBehavior [ RunTime:0.000011s ]
INFO: [ app_init ] --END-- [ RunTime:0.000533s ]
INFO: [ app_begin ] --START--
INFO: Run Behavior\ReadHtmlCacheBehavior [ RunTime:0.000633s ]
INFO: [ app_begin ] --END-- [ RunTime:0.000674s ]
ERR: 非法操作:js

[ 2019-02-28T11:11:44+08:00 ] 127.0.0.1 /index.php/Admin/Public/css/login.css
INFO: [ app_init ] --START--
INFO: Run Behavior\BuildLiteBehavior [ RunTime:0.000010s ]
INFO: [ app_init ] --END-- [ RunTime:0.000568s ]
INFO: [ app_begin ] --START--
INFO: Run Behavior\ReadHtmlCacheBehavior [ RunTime:0.000749s ]
INFO: [ app_begin ] --END-- [ RunTime:0.000797s ]
ERR: 非法操作:css

[ 2019-02-28T11:11:44+08:00 ] 127.0.0.1 /index.php/Admin/Public/js/jquery.js
INFO: [ app_init ] --START--
INFO: Run Behavior\BuildLiteBehavior [ RunTime:0.000016s ]
INFO: [ app_init ] --END-- [ RunTime:0.000601s ]
INFO: [ app_begin ] --START--
INFO: Run Behavior\ReadHtmlCacheBehavior [ RunTime:0.000646s ]
INFO: [ app_begin ] --END-- [ RunTime:0.000691s ]
ERR: 非法操作:js

[ 2019-02-28T11:11:44+08:00 ] 127.0.0.1 /index.php/Admin/Public/js/common.js
INFO: [ app_init ] --START--
INFO: Run Behavior\BuildLiteBehavior [ RunTime:0.000010s ]
INFO: [ app_init ] --END-- [ RunTime:0.000527s ]
INFO: [ app_begin ] --START--
INFO: Run Behavior\ReadHtmlCacheBehavior [ RunTime:0.001394s ]
INFO: [ app_begin ] --END-- [ RunTime:0.001509s ]
ERR: 非法操作:js

[ 2019-02-28T11:12:55+08:00 ] 127.0.0.1 /index.php/Admin/Public/login
INFO: [ app_init ] --START--
INFO: Run Behavior\BuildLiteBehavior [ RunTime:0.000010s ]
INFO: [ app_init ] --END-- [ RunTime:0.000631s ]
INFO: [ app_begin ] --START--
INFO: Run Behavior\ReadHtmlCacheBehavior [ RunTime:0.000624s ]
INFO: [ app_begin ] --END-- [ RunTime:0.000662s ]
INFO: [ view_parse ] --START--
INFO: [ template_filter ] --START--
INFO: Run Behavior\ContentReplaceBehavior [ RunTime:0.000050s ]
INFO: [ template_filter ] --END-- [ RunTime:0.000104s ]
INFO: Run Behavior\ParseTemplateBehavior [ RunTime:0.005211s ]
INFO: [ view_parse ] --END-- [ RunTime:0.005319s ]
INFO: [ view_filter ] --START--
INFO: Run Behavior\WriteHtmlCacheBehavior [ RunTime:0.001063s ]
INFO: [ view_filter ] --END-- [ RunTime:0.001612s ]
INFO: [ app_end ] --START--
INFO: Run Behavior\ShowPageTraceBehavior [ RunTime:0.001572s ]
INFO: [ app_end ] --END-- [ RunTime:0.001659s ]

[ 2019-02-28T14:02:25+08:00 ] 127.0.0.1 /index.php/Admin/Test/test3
INFO: [ app_init ] --START--
INFO: Run Behavior\BuildLiteBehavior [ RunTime:0.000014s ]
INFO: [ app_init ] --END-- [ RunTime:0.000741s ]
INFO: [ app_begin ] --START--
INFO: Run Behavior\ReadHtmlCacheBehavior [ RunTime:0.000873s ]
INFO: [ app_begin ] --END-- [ RunTime:0.000930s ]
INFO: [ view_parse ] --START--
INFO: [ template_filter ] --START--
INFO: Run Behavior\ContentReplaceBehavior [ RunTime:0.000046s ]
INFO: [ template_filter ] --END-- [ RunTime:0.000087s ]
NOTIC: [8] Undefined offset: 0 D:\webdocs\thinkphp\Application\Runtime\Cache\Admin\8c4c5101828303b31401d041aef4a352.php 第 8 行.
INFO: Run Behavior\ParseTemplateBehavior [ RunTime:0.008846s ]
INFO: [ view_parse ] --END-- [ RunTime:0.008892s ]
INFO: [ view_filter ] --START--
INFO: Run Behavior\WriteHtmlCacheBehavior [ RunTime:0.000603s ]
INFO: [ view_filter ] --END-- [ RunTime:0.000634s ]
INFO: [ app_end ] --START--
INFO: Run Behavior\ShowPageTraceBehavior [ RunTime:0.000728s ]
INFO: [ app_end ] --END-- [ RunTime:0.000764s ]

[ 2019-02-28T14:02:28+08:00 ] 127.0.0.1 /index.php/Admin/Test/test3
INFO: [ app_init ] --START--
INFO: Run Behavior\BuildLiteBehavior [ RunTime:0.000010s ]
INFO: [ app_init ] --END-- [ RunTime:0.000559s ]
INFO: [ app_begin ] --START--
INFO: Run Behavior\ReadHtmlCacheBehavior [ RunTime:0.001583s ]
INFO: [ app_begin ] --END-- [ RunTime:0.001669s ]
INFO: [ view_parse ] --START--
INFO: [ template_filter ] --START--
INFO: Run Behavior\ContentReplaceBehavior [ RunTime:0.000023s ]
INFO: [ template_filter ] --END-- [ RunTime:0.000059s ]
NOTIC: [8] Undefined offset: 0 D:\webdocs\thinkphp\Application\Runtime\Cache\Admin\8c4c5101828303b31401d041aef4a352.php 第 8 行.
INFO: Run Behavior\ParseTemplateBehavior [ RunTime:0.004733s ]
INFO: [ view_parse ] --END-- [ RunTime:0.004783s ]
INFO: [ view_filter ] --START--
INFO: Run Behavior\WriteHtmlCacheBehavior [ RunTime:0.000709s ]
INFO: [ view_filter ] --END-- [ RunTime:0.000755s ]
INFO: [ app_end ] --START--
INFO: Run Behavior\ShowPageTraceBehavior [ RunTime:0.000637s ]
INFO: [ app_end ] --END-- [ RunTime:0.000666s ]

[ 2019-02-28T14:02:51+08:00 ] 127.0.0.1 /index.php/Admin/Test/test3
INFO: [ app_init ] --START--
INFO: Run Behavior\BuildLiteBehavior [ RunTime:0.000011s ]
INFO: [ app_init ] --END-- [ RunTime:0.000477s ]
INFO: [ app_begin ] --START--
INFO: Run Behavior\ReadHtmlCacheBehavior [ RunTime:0.000660s ]
INFO: [ app_begin ] --END-- [ RunTime:0.000706s ]
INFO: [ view_parse ] --START--
INFO: [ template_filter ] --START--
INFO: Run Behavior\ContentReplaceBehavior [ RunTime:0.000041s ]
INFO: [ template_filter ] --END-- [ RunTime:0.000099s ]
INFO: Run Behavior\ParseTemplateBehavior [ RunTime:0.006746s ]
INFO: [ view_parse ] --END-- [ RunTime:0.006797s ]
INFO: [ view_filter ] --START--
INFO: Run Behavior\WriteHtmlCacheBehavior [ RunTime:0.000472s ]
INFO: [ view_filter ] --END-- [ RunTime:0.000514s ]
INFO: [ app_end ] --START--
INFO: Run Behavior\ShowPageTraceBehavior [ RunTime:0.000624s ]
INFO: [ app_end ] --END-- [ RunTime:0.000655s ]

[ 2019-02-28T14:03:00+08:00 ] 127.0.0.1 /index.php/Admin/Test/test3
INFO: [ app_init ] --START--
INFO: Run Behavior\BuildLiteBehavior [ RunTime:0.000010s ]
INFO: [ app_init ] --END-- [ RunTime:0.000500s ]
INFO: [ app_begin ] --START--
INFO: Run Behavior\ReadHtmlCacheBehavior [ RunTime:0.000678s ]
INFO: [ app_begin ] --END-- [ RunTime:0.000723s ]
INFO: [ view_parse ] --START--
INFO: [ template_filter ] --START--
INFO: Run Behavior\ContentReplaceBehavior [ RunTime:0.000024s ]
INFO: [ template_filter ] --END-- [ RunTime:0.000065s ]
INFO: Run Behavior\ParseTemplateBehavior [ RunTime:0.005151s ]
INFO: [ view_parse ] --END-- [ RunTime:0.005209s ]
INFO: [ view_filter ] --START--
INFO: Run Behavior\WriteHtmlCacheBehavior [ RunTime:0.000847s ]
INFO: [ view_filter ] --END-- [ RunTime:0.000885s ]
INFO: [ app_end ] --START--
INFO: Run Behavior\ShowPageTraceBehavior [ RunTime:0.000953s ]
INFO: [ app_end ] --END-- [ RunTime:0.001008s ]

[ 2019-02-28T14:11:54+08:00 ] 127.0.0.1 /index.php/Admin/Test/test4
INFO: [ app_init ] --START--
INFO: Run Behavior\BuildLiteBehavior [ RunTime:0.000030s ]
INFO: [ app_init ] --END-- [ RunTime:0.000640s ]
INFO: [ app_begin ] --START--
INFO: Run Behavior\ReadHtmlCacheBehavior [ RunTime:0.000949s ]
INFO: [ app_begin ] --END-- [ RunTime:0.001008s ]
INFO: [ view_parse ] --START--
INFO: [ template_filter ] --START--
INFO: Run Behavior\ContentReplaceBehavior [ RunTime:0.000045s ]
INFO: [ template_filter ] --END-- [ RunTime:0.000084s ]
NOTIC: [2] date() expects at most 2 parameters, 3 given D:\webdocs\thinkphp\Application\Runtime\Cache\Admin\4ceb38ddb1bcc2f0ed94b0513dd9dffa.php 第 8 行.
INFO: Run Behavior\ParseTemplateBehavior [ RunTime:0.009555s ]
INFO: [ view_parse ] --END-- [ RunTime:0.009600s ]
INFO: [ view_filter ] --START--
INFO: Run Behavior\WriteHtmlCacheBehavior [ RunTime:0.000639s ]
INFO: [ view_filter ] --END-- [ RunTime:0.000681s ]
INFO: [ app_end ] --START--
INFO: Run Behavior\ShowPageTraceBehavior [ RunTime:0.000760s ]
INFO: [ app_end ] --END-- [ RunTime:0.000795s ]

[ 2019-02-28T14:12:17+08:00 ] 127.0.0.1 /index.php/Admin/Test/test4
INFO: [ app_init ] --START--
INFO: Run Behavior\BuildLiteBehavior [ RunTime:0.000009s ]
INFO: [ app_init ] --END-- [ RunTime:0.000548s ]
INFO: [ app_begin ] --START--
INFO: Run Behavior\ReadHtmlCacheBehavior [ RunTime:0.000620s ]
INFO: [ app_begin ] --END-- [ RunTime:0.000655s ]
INFO: [ view_parse ] --START--
INFO: [ template_filter ] --START--
INFO: Run Behavior\ContentReplaceBehavior [ RunTime:0.000021s ]
INFO: [ template_filter ] --END-- [ RunTime:0.000053s ]
NOTIC: [2] date() expects at most 2 parameters, 3 given D:\webdocs\thinkphp\Application\Runtime\Cache\Admin\4ceb38ddb1bcc2f0ed94b0513dd9dffa.php 第 8 行.
INFO: Run Behavior\ParseTemplateBehavior [ RunTime:0.004381s ]
INFO: [ view_parse ] --END-- [ RunTime:0.004415s ]
INFO: [ view_filter ] --START--
INFO: Run Behavior\WriteHtmlCacheBehavior [ RunTime:0.000479s ]
INFO: [ view_filter ] --END-- [ RunTime:0.000507s ]
INFO: [ app_end ] --START--
INFO: Run Behavior\ShowPageTraceBehavior [ RunTime:0.000685s ]
INFO: [ app_end ] --END-- [ RunTime:0.000713s ]

[ 2019-02-28T14:12:18+08:00 ] 127.0.0.1 /index.php/Admin/Test/test4
INFO: [ app_init ] --START--
INFO: Run Behavior\BuildLiteBehavior [ RunTime:0.000010s ]
INFO: [ app_init ] --END-- [ RunTime:0.000766s ]
INFO: [ app_begin ] --START--
INFO: Run Behavior\ReadHtmlCacheBehavior [ RunTime:0.000643s ]
INFO: [ app_begin ] --END-- [ RunTime:0.000722s ]
INFO: [ view_parse ] --START--
INFO: [ template_filter ] --START--
INFO: Run Behavior\ContentReplaceBehavior [ RunTime:0.000023s ]
INFO: [ template_filter ] --END-- [ RunTime:0.000067s ]
NOTIC: [2] date() expects at most 2 parameters, 3 given D:\webdocs\thinkphp\Application\Runtime\Cache\Admin\4ceb38ddb1bcc2f0ed94b0513dd9dffa.php 第 8 行.
INFO: Run Behavior\ParseTemplateBehavior [ RunTime:0.006706s ]
INFO: [ view_parse ] --END-- [ RunTime:0.006748s ]
INFO: [ view_filter ] --START--
INFO: Run Behavior\WriteHtmlCacheBehavior [ RunTime:0.000489s ]
INFO: [ view_filter ] --END-- [ RunTime:0.000518s ]
INFO: [ app_end ] --START--
INFO: Run Behavior\ShowPageTraceBehavior [ RunTime:0.000693s ]
INFO: [ app_end ] --END-- [ RunTime:0.000724s ]

[ 2019-02-28T14:12:28+08:00 ] 127.0.0.1 /index.php/Admin/Test/test4
INFO: [ app_init ] --START--
INFO: Run Behavior\BuildLiteBehavior [ RunTime:0.000012s ]
INFO: [ app_init ] --END-- [ RunTime:0.000490s ]
INFO: [ app_begin ] --START--
INFO: Run Behavior\ReadHtmlCacheBehavior [ RunTime:0.000595s ]
INFO: [ app_begin ] --END-- [ RunTime:0.000634s ]
INFO: [ view_parse ] --START--
INFO: [ template_filter ] --START--
INFO: Run Behavior\ContentReplaceBehavior [ RunTime:0.000041s ]
INFO: [ template_filter ] --END-- [ RunTime:0.000113s ]
INFO: Run Behavior\ParseTemplateBehavior [ RunTime:0.006442s ]
INFO: [ view_parse ] --END-- [ RunTime:0.006503s ]
INFO: [ view_filter ] --START--
INFO: Run Behavior\WriteHtmlCacheBehavior [ RunTime:0.000847s ]
INFO: [ view_filter ] --END-- [ RunTime:0.000906s ]
INFO: [ app_end ] --START--
INFO: Run Behavior\ShowPageTraceBehavior [ RunTime:0.000737s ]
INFO: [ app_end ] --END-- [ RunTime:0.000786s ]

[ 2019-02-28T15:06:47+08:00 ] 127.0.0.1 /index.php/Admin/Dept/shilihua
INFO: [ app_init ] --START--
INFO: Run Behavior\BuildLiteBehavior [ RunTime:0.000015s ]
INFO: [ app_init ] --END-- [ RunTime:0.000625s ]
INFO: [ app_begin ] --START--
INFO: Run Behavior\ReadHtmlCacheBehavior [ RunTime:0.000689s ]
INFO: [ app_begin ] --END-- [ RunTime:0.000730s ]
ERR: 无法加载控制器:Dept

[ 2019-02-28T15:07:13+08:00 ] 127.0.0.1 /index.php/Admin/Dept/shilihua
INFO: [ app_init ] --START--
INFO: Run Behavior\BuildLiteBehavior [ RunTime:0.000009s ]
INFO: [ app_init ] --END-- [ RunTime:0.000466s ]
INFO: [ app_begin ] --START--
INFO: Run Behavior\ReadHtmlCacheBehavior [ RunTime:0.000584s ]
INFO: [ app_begin ] --END-- [ RunTime:0.000621s ]
ERR: 无法加载控制器:Dept

[ 2019-02-28T15:07:15+08:00 ] 127.0.0.1 /index.php/Admin/Dept/shilihua
INFO: [ app_init ] --START--
INFO: Run Behavior\BuildLiteBehavior [ RunTime:0.000009s ]
INFO: [ app_init ] --END-- [ RunTime:0.000523s ]
INFO: [ app_begin ] --START--
INFO: Run Behavior\ReadHtmlCacheBehavior [ RunTime:0.000616s ]
INFO: [ app_begin ] --END-- [ RunTime:0.000653s ]
ERR: 无法加载控制器:Dept

[ 2019-02-28T15:07:16+08:00 ] 127.0.0.1 /index.php/Admin/Dept/shilihua
INFO: [ app_init ] --START--
INFO: Run Behavior\BuildLiteBehavior [ RunTime:0.000009s ]
INFO: [ app_init ] --END-- [ RunTime:0.000572s ]
INFO: [ app_begin ] --START--
INFO: Run Behavior\ReadHtmlCacheBehavior [ RunTime:0.000662s ]
INFO: [ app_begin ] --END-- [ RunTime:0.000712s ]
ERR: 无法加载控制器:Dept

[ 2019-02-28T15:07:49+08:00 ] 127.0.0.1 /index.php/Admin/Dept/shilihua
INFO: [ app_init ] --START--
INFO: Run Behavior\BuildLiteBehavior [ RunTime:0.000010s ]
INFO: [ app_init ] --END-- [ RunTime:0.000469s ]
INFO: [ app_begin ] --START--
INFO: Run Behavior\ReadHtmlCacheBehavior [ RunTime:0.000589s ]
INFO: [ app_begin ] --END-- [ RunTime:0.000626s ]
ERR: Class 'Admin\Controller\DeptModel' not found

[ 2019-02-28T15:08:19+08:00 ] 127.0.0.1 /index.php/Admin/Dept/shilihua
INFO: [ app_init ] --START--
INFO: Run Behavior\BuildLiteBehavior [ RunTime:0.000009s ]
INFO: [ app_init ] --END-- [ RunTime:0.000464s ]
INFO: [ app_begin ] --START--
INFO: Run Behavior\ReadHtmlCacheBehavior [ RunTime:0.000685s ]
INFO: [ app_begin ] --END-- [ RunTime:0.000762s ]
ERR: Class 'Admin\Model\DeptModel' not found

[ 2019-02-28T15:09:32+08:00 ] 127.0.0.1 /index.php/Admin/Dept/shilihua
INFO: [ app_init ] --START--
INFO: Run Behavior\BuildLiteBehavior [ RunTime:0.000010s ]
INFO: [ app_init ] --END-- [ RunTime:0.000540s ]
INFO: [ app_begin ] --START--
INFO: Run Behavior\ReadHtmlCacheBehavior [ RunTime:0.000620s ]
INFO: [ app_begin ] --END-- [ RunTime:0.000658s ]
ERR: Class 'Admin\Model\DeptModel' not found

[ 2019-02-28T15:09:33+08:00 ] 127.0.0.1 /index.php/Admin/Dept/shilihua
INFO: [ app_init ] --START--
INFO: Run Behavior\BuildLiteBehavior [ RunTime:0.000010s ]
INFO: [ app_init ] --END-- [ RunTime:0.000502s ]
INFO: [ app_begin ] --START--
INFO: Run Behavior\ReadHtmlCacheBehavior [ RunTime:0.000708s ]
INFO: [ app_begin ] --END-- [ RunTime:0.000750s ]
ERR: Class 'Admin\Model\DeptModel' not found

[ 2019-02-28T15:09:35+08:00 ] 127.0.0.1 /index.php/Admin/Dept/shilihua
INFO: [ app_init ] --START--
INFO: Run Behavior\BuildLiteBehavior [ RunTime:0.000008s ]
INFO: [ app_init ] --END-- [ RunTime:0.000447s ]
INFO: [ app_begin ] --START--
INFO: Run Behavior\ReadHtmlCacheBehavior [ RunTime:0.001228s ]
INFO: [ app_begin ] --END-- [ RunTime:0.001322s ]
ERR: Class 'Admin\Model\DeptModel' not found

[ 2019-02-28T15:11:15+08:00 ] 127.0.0.1 /index.php/Admin/Dept/shilihua
INFO: [ app_init ] --START--
INFO: Run Behavior\BuildLiteBehavior [ RunTime:0.000010s ]
INFO: [ app_init ] --END-- [ RunTime:0.000673s ]
INFO: [ app_begin ] --START--
INFO: Run Behavior\ReadHtmlCacheBehavior [ RunTime:0.000580s ]
INFO: [ app_begin ] --END-- [ RunTime:0.000627s ]
SQL: SHOW COLUMNS FROM `sp_dept` [ RunTime:0.0122s ]
INFO: [ app_end ] --START--
INFO: Run Behavior\ShowPageTraceBehavior [ RunTime:0.001179s ]
INFO: [ app_end ] --END-- [ RunTime:0.001273s ]

[ 2019-02-28T15:22:15+08:00 ] 127.0.0.1 /index.php/Admin/Dept/tianjia
INFO: [ app_init ] --START--
INFO: Run Behavior\BuildLiteBehavior [ RunTime:0.000017s ]
INFO: [ app_init ] --END-- [ RunTime:0.000575s ]
INFO: [ app_begin ] --START--
INFO: Run Behavior\ReadHtmlCacheBehavior [ RunTime:0.000778s ]
INFO: [ app_begin ] --END-- [ RunTime:0.000907s ]
SQL: SHOW COLUMNS FROM `sp_dept` [ RunTime:0.0212s ]
SQL: INSERT INTO `sp_dept` (`name`,`pid`,`sort`,`remark`) VALUES ('人事部','0','1','这是人事部门') [ RunTime:0.0292s ]
INFO: [ app_end ] --START--
INFO: Run Behavior\ShowPageTraceBehavior [ RunTime:0.000850s ]
INFO: [ app_end ] --END-- [ RunTime:0.000885s ]

[ 2019-02-28T15:33:35+08:00 ] 127.0.0.1 /index.php/Admin/Dept/tianjia
INFO: [ app_init ] --START--
INFO: Run Behavior\BuildLiteBehavior [ RunTime:0.000017s ]
INFO: [ app_init ] --END-- [ RunTime:0.000817s ]
INFO: [ app_begin ] --START--
INFO: Run Behavior\ReadHtmlCacheBehavior [ RunTime:0.000669s ]
INFO: [ app_begin ] --END-- [ RunTime:0.000708s ]
SQL: SHOW COLUMNS FROM `sp_dept` [ RunTime:0.0104s ]
SQL: INSERT INTO `sp_dept` (`name`,`pid`,`sort`,`remark`) VALUES ('人事部','0','1','这是人事部门') [ RunTime:0.0499s ]
INFO: [ app_end ] --START--
INFO: Run Behavior\ShowPageTraceBehavior [ RunTime:0.001523s ]
INFO: [ app_end ] --END-- [ RunTime:0.001617s ]

